\BOOKMARK [0][-]{chapter*.3}{Kurzfassung}{}% 1
\BOOKMARK [0][-]{chapter*.4}{Abstract}{}% 2
\BOOKMARK [0][-]{section*.5}{Contents}{}% 3
\BOOKMARK [0][-]{chapter.1}{Introduction}{}% 4
\BOOKMARK [1][-]{section.1.1}{Problem Definition}{chapter.1}% 5
\BOOKMARK [1][-]{section.1.2}{Aim of the Work}{chapter.1}% 6
\BOOKMARK [1][-]{section.1.3}{Methodological Approach}{chapter.1}% 7
\BOOKMARK [1][-]{section.1.4}{Outline}{chapter.1}% 8
\BOOKMARK [0][-]{chapter.2}{Background}{}% 9
\BOOKMARK [1][-]{section.2.1}{Feedforward neural networks}{chapter.2}% 10
\BOOKMARK [1][-]{section.2.2}{Gradient descent}{chapter.2}% 11
\BOOKMARK [1][-]{section.2.3}{Backpropagation}{chapter.2}% 12
\BOOKMARK [1][-]{section.2.4}{Convolutional neural networks}{chapter.2}% 13
\BOOKMARK [0][-]{chapter.3}{State-of-the-Art}{}% 14
\BOOKMARK [1][-]{section.3.1}{Fast Gradient Sign Method \(FGSM\)}{chapter.3}% 15
\BOOKMARK [1][-]{section.3.2}{Jacobian-based Saliency Map Attack \(JSMA\)}{chapter.3}% 16
\BOOKMARK [1][-]{section.3.3}{Carlini \046 Wagner \(CW\)}{chapter.3}% 17
\BOOKMARK [1][-]{section.3.4}{Transfer based approach}{chapter.3}% 18
\BOOKMARK [1][-]{section.3.5}{Ensemble approach}{chapter.3}% 19
\BOOKMARK [1][-]{section.3.6}{Boundary attack}{chapter.3}% 20
\BOOKMARK [0][-]{chapter.4}{Experiments}{}% 21
\BOOKMARK [1][-]{section.4.1}{Methodology}{chapter.4}% 22
\BOOKMARK [1][-]{section.4.2}{Whitebox attacks}{chapter.4}% 23
\BOOKMARK [1][-]{section.4.3}{Blackbox attacks}{chapter.4}% 24
\BOOKMARK [0][-]{chapter.5}{The Semi-targeted Approach}{}% 25
\BOOKMARK [0][-]{chapter.6}{Critical Reflection}{}% 26
\BOOKMARK [1][-]{section.6.1}{Discussion}{chapter.6}% 27
\BOOKMARK [1][-]{section.6.2}{Threats to validity}{chapter.6}% 28
\BOOKMARK [0][-]{chapter.7}{Summary and Future Work}{}% 29
\BOOKMARK [1][-]{section.7.1}{Summary}{chapter.7}% 30
\BOOKMARK [1][-]{section.7.2}{Future Work}{chapter.7}% 31
